<?xml version="1.0" encoding="UTF-8"?>
<!-- Generated by org.testng.reporters.JUnitReportReporter -->
<testsuite hostname="DESKTOP-UK5D04V" failures="0" tests="1" name="testScripts.googlePageTestEdge" time="7.051" errors="0" timestamp="2024-03-21T07:22:03 IST" skipped="0">
  <testcase classname="testScripts.googlePageTestEdge" name="googlePage" time="7.051"/>
</testsuite> <!-- testScripts.googlePageTestEdge -->
