<?xml version="1.0" encoding="UTF-8"?>
<!-- Generated by org.testng.reporters.JUnitReportReporter -->
<testsuite hostname="DESKTOP-UK5D04V" failures="0" tests="1" name="testScripts.googlePageTest" time="8.545" errors="0" timestamp="2024-03-21T07:07:38 IST" skipped="0">
  <testcase classname="testScripts.googlePageTest" name="googlePageTesting" time="8.545"/>
</testsuite> <!-- testScripts.googlePageTest -->
