<?xml version="1.0" encoding="UTF-8"?>
<!-- Generated by org.testng.reporters.JUnitReportReporter -->
<testsuite hostname="DESKTOP-UK5D04V" failures="0" tests="1" name="testScripts.GooglePageTestFirefox" time="34.358" errors="0" timestamp="2024-03-29T18:15:00 IST" skipped="0">
  <testcase classname="testScripts.GooglePageTestFirefox" name="googlePage" time="34.358"/>
</testsuite> <!-- testScripts.GooglePageTestFirefox -->
